<?xml version="1.0" encoding="UTF-8"?>
<testsuite name="org.example.GameApiTest" tests="6" skipped="0" failures="0" errors="0" timestamp="2024-01-30T19:28:29" hostname="DESKTOP-2PDD512" time="0.237">
  <properties/>
  <testcase name="joinWithSameUser()" classname="org.example.GameApiTest" time="0.035"/>
  <testcase name="joinGame()" classname="org.example.GameApiTest" time="0.006"/>
  <testcase name="chooseSuitAndWaitAllPlayers()" classname="org.example.GameApiTest" time="0.002"/>
  <testcase name="createGame()" classname="org.example.GameApiTest" time="0.002"/>
  <testcase name="startNewRound()" classname="org.example.GameApiTest" time="0.006"/>
  <testcase name="playCard()" classname="org.example.GameApiTest" time="0.002"/>
  <system-out><![CDATA[20:28:29.302 [Test worker] DEBUG io.vertx.core.logging.LoggerFactory -- Using io.vertx.core.logging.SLF4JLogDelegateFactory
20:28:29.331 [Test worker] DEBUG io.netty.util.internal.logging.InternalLoggerFactory -- Using SLF4J as the default logging framework
20:28:29.333 [Test worker] DEBUG io.netty.util.internal.PlatformDependent0 -- -Dio.netty.noUnsafe: false
20:28:29.334 [Test worker] DEBUG io.netty.util.internal.PlatformDependent0 -- Java version: 20
20:28:29.336 [Test worker] DEBUG io.netty.util.internal.PlatformDependent0 -- sun.misc.Unsafe.theUnsafe: available
20:28:29.337 [Test worker] DEBUG io.netty.util.internal.PlatformDependent0 -- sun.misc.Unsafe.copyMemory: available
20:28:29.338 [Test worker] DEBUG io.netty.util.internal.PlatformDependent0 -- java.nio.Buffer.address: available
20:28:29.339 [Test worker] DEBUG io.netty.util.internal.PlatformDependent0 -- direct buffer constructor: unavailable: Reflective setAccessible(true) disabled
20:28:29.339 [Test worker] DEBUG io.netty.util.internal.PlatformDependent0 -- java.nio.Bits.unaligned: available, true
20:28:29.341 [Test worker] DEBUG io.netty.util.internal.PlatformDependent0 -- jdk.internal.misc.Unsafe.allocateUninitializedArray(int): unavailable: class io.netty.util.internal.PlatformDependent0$6 cannot access class jdk.internal.misc.Unsafe (in module java.base) because module java.base does not export jdk.internal.misc to unnamed module @7c1e2a9e
20:28:29.342 [Test worker] DEBUG io.netty.util.internal.PlatformDependent0 -- java.nio.DirectByteBuffer.<init>(long, int): unavailable
20:28:29.342 [Test worker] DEBUG io.netty.util.internal.PlatformDependent -- sun.misc.Unsafe: available
20:28:29.352 [Test worker] DEBUG io.netty.util.internal.PlatformDependent -- maxDirectMemory: 536870912 bytes (maybe)
20:28:29.352 [Test worker] DEBUG io.netty.util.internal.PlatformDependent -- -Dio.netty.tmpdir: C:\Users\Matteo\AppData\Local\Temp (java.io.tmpdir)
20:28:29.352 [Test worker] DEBUG io.netty.util.internal.PlatformDependent -- -Dio.netty.bitMode: 64 (sun.arch.data.model)
20:28:29.353 [Test worker] DEBUG io.netty.util.internal.PlatformDependent -- Platform: Windows
20:28:29.354 [Test worker] DEBUG io.netty.util.internal.PlatformDependent -- -Dio.netty.maxDirectMemory: -1 bytes
20:28:29.354 [Test worker] DEBUG io.netty.util.internal.PlatformDependent -- -Dio.netty.uninitializedArrayAllocationThreshold: -1
20:28:29.355 [Test worker] DEBUG io.netty.util.internal.CleanerJava9 -- java.nio.ByteBuffer.cleaner(): available
20:28:29.355 [Test worker] DEBUG io.netty.util.internal.PlatformDependent -- -Dio.netty.noPreferDirect: false
20:28:29.368 [Test worker] DEBUG io.netty.util.ResourceLeakDetector -- -Dio.netty.leakDetection.level: simple
20:28:29.368 [Test worker] DEBUG io.netty.util.ResourceLeakDetector -- -Dio.netty.leakDetection.targetRecords: 4
20:28:29.393 [Test worker] DEBUG io.netty.channel.MultithreadEventLoopGroup -- -Dio.netty.eventLoopThreads: 24
20:28:29.409 [Test worker] DEBUG io.netty.util.internal.InternalThreadLocalMap -- -Dio.netty.threadLocalMap.stringBuilder.initialSize: 1024
20:28:29.409 [Test worker] DEBUG io.netty.util.internal.InternalThreadLocalMap -- -Dio.netty.threadLocalMap.stringBuilder.maxSize: 4096
20:28:29.417 [Test worker] DEBUG io.netty.channel.nio.NioEventLoop -- -Dio.netty.noKeySetOptimization: false
20:28:29.417 [Test worker] DEBUG io.netty.channel.nio.NioEventLoop -- -Dio.netty.selectorAutoRebuildThreshold: 512
20:28:29.425 [Test worker] DEBUG io.netty.util.internal.PlatformDependent -- org.jctools-core.MpscChunkedArrayQueue: available
20:28:29.490 [Test worker] DEBUG io.netty.resolver.dns.DefaultDnsServerAddressStreamProvider -- Default DNS servers: [/192.168.1.1:53] (sun.net.dns.ResolverConfiguration)
20:28:29.496 [Test worker] DEBUG io.netty.util.NetUtil -- -Djava.net.preferIPv4Stack: false
20:28:29.497 [Test worker] DEBUG io.netty.util.NetUtil -- -Djava.net.preferIPv6Addresses: false
20:28:29.511 [Test worker] DEBUG io.netty.util.NetUtilInitializations -- Loopback interface: lo (Software Loopback Interface 1, 127.0.0.1)
20:28:29.512 [Test worker] DEBUG io.netty.util.NetUtil -- Failed to get SOMAXCONN from sysctl and file \proc\sys\net\core\somaxconn. Default: 200
]]></system-out>
  <system-err><![CDATA[]]></system-err>
</testsuite>
